miniprogram-to-uniapp v2 转换日志

工具版本：v2.0.24
转换模式：HBuilder X
是否合并css：否
项目 'mp-client' 开始转换...
sourceFolder = /Users/maox/Project/Abil/mp-client
搜索到2231个文件，耗时：34ms

不处理node_modules目录
不处理node_modules目录
不处理node_modules目录
不处理node_modules目录
不处理node_modules目录
不处理node_modules目录
不处理node_modules目录
不处理node_modules目录
不处理node_modules目录
不处理node_modules目录
不处理node_modules目录
不处理node_modules目录
不处理node_modules目录
不处理node_modules目录
不处理node_modules目录
不处理node_modules目录
不处理node_modules目录
不处理node_modules目录
不处理node_modules目录
不处理node_modules目录
不处理node_modules目录
不处理node_modules目录
不处理node_modules目录
不处理node_modules目录
不处理node_modules目录
不处理node_modules目录
不处理node_modules目录
不处理node_modules目录
不处理node_modules目录
不处理node_modules目录
不处理node_modules目录
不处理node_modules目录
不处理node_modules目录
不处理node_modules目录
不处理node_modules目录
不处理node_modules目录
不处理node_modules目录
不处理node_modules目录
不处理node_modules目录
不处理node_modules目录
不处理node_modules目录
不处理node_modules目录
不处理node_modules目录
不处理node_modules目录
不处理node_modules目录
不处理node_modules目录
不处理node_modules目录
不处理node_modules目录
不处理node_modules目录
不处理node_modules目录
不处理node_modules目录
不处理node_modules目录
不处理node_modules目录
不处理node_modules目录
不处理node_modules目录
不处理node_modules目录
不处理node_modules目录
不处理node_modules目录
不处理node_modules目录
不处理node_modules目录
不处理node_modules目录
不处理node_modules目录
不处理node_modules目录
不处理node_modules目录
不处理node_modules目录
不处理node_modules目录
不处理node_modules目录
不处理node_modules目录
不处理node_modules目录
不处理node_modules目录
不处理node_modules目录
不处理node_modules目录
不处理node_modules目录
不处理node_modules目录
不处理node_modules目录
不处理node_modules目录
不处理node_modules目录
不处理node_modules目录
不处理node_modules目录
不处理node_modules目录
不处理node_modules目录
不处理node_modules目录
不处理node_modules目录
不处理node_modules目录
不处理node_modules目录
不处理node_modules目录
不处理node_modules目录
不处理node_modules目录
不处理node_modules目录
不处理node_modules目录
不处理node_modules目录
不处理node_modules目录
不处理node_modules目录
不处理node_modules目录
不处理node_modules目录
不处理node_modules目录
不处理node_modules目录
不处理node_modules目录
不处理node_modules目录
不处理node_modules目录
不处理node_modules目录
不处理node_modules目录
不处理node_modules目录
不处理node_modules目录
不处理node_modules目录
不处理node_modules目录
不处理node_modules目录
不处理node_modules目录
不处理node_modules目录
不处理node_modules目录
不处理node_modules目录
不处理node_modules目录
不处理node_modules目录
不处理node_modules目录
不处理node_modules目录
不处理node_modules目录
不处理node_modules目录
不处理node_modules目录
不处理node_modules目录
不处理node_modules目录
不处理node_modules目录
不处理node_modules目录
不处理node_modules目录
不处理node_modules目录
不处理node_modules目录
不处理node_modules目录
不处理node_modules目录
不处理node_modules目录
不处理node_modules目录
不处理node_modules目录
不处理node_modules目录
不处理node_modules目录
不处理node_modules目录
不处理node_modules目录
不处理node_modules目录
不处理node_modules目录
不处理node_modules目录
不处理node_modules目录
不处理node_modules目录
不处理node_modules目录
不处理node_modules目录
不处理node_modules目录
不处理node_modules目录
不处理node_modules目录
不处理node_modules目录
不处理node_modules目录
不处理node_modules目录
不处理node_modules目录
不处理node_modules目录
不处理node_modules目录
不处理node_modules目录
不处理node_modules目录
不处理node_modules目录
不处理node_modules目录
不处理node_modules目录
不处理node_modules目录
不处理node_modules目录
不处理node_modules目录
不处理node_modules目录
不处理node_modules目录
不处理node_modules目录
不处理node_modules目录
不处理node_modules目录
不处理node_modules目录
不处理node_modules目录
不处理node_modules目录
不处理node_modules目录
不处理node_modules目录
不处理node_modules目录
不处理node_modules目录
不处理node_modules目录
不处理node_modules目录
不处理node_modules目录
不处理node_modules目录
不处理node_modules目录
不处理node_modules目录
不处理node_modules目录
不处理node_modules目录
不处理node_modules目录
不处理node_modules目录
不处理node_modules目录
不处理node_modules目录
不处理node_modules目录
不处理node_modules目录
不处理node_modules目录
不处理node_modules目录
不处理node_modules目录
不处理node_modules目录
不处理node_modules目录
不处理node_modules目录
不处理node_modules目录
不处理node_modules目录
不处理node_modules目录
不处理node_modules目录
不处理node_modules目录
不处理node_modules目录
不处理node_modules目录
不处理node_modules目录
不处理node_modules目录
不处理node_modules目录
不处理node_modules目录
不处理node_modules目录
不处理node_modules目录
不处理node_modules目录
不处理node_modules目录
不处理node_modules目录
不处理node_modules目录
不处理node_modules目录
不处理node_modules目录
不处理node_modules目录
不处理node_modules目录
不处理node_modules目录
不处理node_modules目录
不处理node_modules目录
不处理node_modules目录
不处理node_modules目录
不处理node_modules目录
不处理node_modules目录
不处理node_modules目录
不处理node_modules目录
不处理node_modules目录
不处理node_modules目录
不处理node_modules目录
不处理node_modules目录
不处理node_modules目录
不处理node_modules目录
不处理node_modules目录
不处理node_modules目录
不处理node_modules目录
不处理node_modules目录
不处理node_modules目录
不处理node_modules目录
不处理node_modules目录
不处理node_modules目录
不处理node_modules目录
不处理node_modules目录
不处理node_modules目录
不处理node_modules目录
不处理node_modules目录
不处理node_modules目录
不处理node_modules目录
不处理node_modules目录
不处理node_modules目录
不处理node_modules目录
不处理node_modules目录
不处理node_modules目录
不处理node_modules目录
不处理node_modules目录
不处理node_modules目录
不处理node_modules目录
不处理node_modules目录
不处理node_modules目录
不处理node_modules目录
不处理node_modules目录
不处理node_modules目录
不处理node_modules目录
不处理node_modules目录
不处理node_modules目录
不处理node_modules目录
不处理node_modules目录
不处理node_modules目录
不处理node_modules目录
不处理node_modules目录
不处理node_modules目录
不处理node_modules目录
不处理node_modules目录
不处理node_modules目录
不处理node_modules目录
不处理node_modules目录
不处理node_modules目录
不处理node_modules目录
不处理node_modules目录
不处理node_modules目录
不处理node_modules目录
不处理node_modules目录
不处理node_modules目录
不处理node_modules目录
不处理node_modules目录
不处理node_modules目录
不处理node_modules目录
不处理node_modules目录
不处理node_modules目录
不处理node_modules目录
不处理node_modules目录
不处理node_modules目录
不处理node_modules目录
不处理node_modules目录
不处理node_modules目录
不处理node_modules目录
不处理node_modules目录
不处理node_modules目录
不处理node_modules目录
不处理node_modules目录
不处理node_modules目录
不处理node_modules目录
不处理node_modules目录
不处理node_modules目录
不处理node_modules目录
不处理node_modules目录
不处理node_modules目录
不处理node_modules目录
不处理node_modules目录
不处理node_modules目录
不处理node_modules目录
不处理node_modules目录
不处理node_modules目录
不处理node_modules目录
不处理node_modules目录
不处理node_modules目录
不处理node_modules目录
不处理node_modules目录
不处理node_modules目录
不处理node_modules目录
不处理node_modules目录
不处理node_modules目录
不处理node_modules目录
不处理node_modules目录
不处理node_modules目录
不处理node_modules目录
不处理node_modules目录
不处理node_modules目录
不处理node_modules目录
不处理node_modules目录
不处理node_modules目录
不处理node_modules目录
不处理node_modules目录
不处理node_modules目录
不处理node_modules目录
不处理node_modules目录
不处理node_modules目录
不处理node_modules目录
不处理node_modules目录
不处理node_modules目录
不处理node_modules目录
不处理node_modules目录
不处理node_modules目录
不处理node_modules目录
不处理node_modules目录
不处理node_modules目录
不处理node_modules目录
不处理node_modules目录
不处理node_modules目录
不处理node_modules目录
不处理node_modules目录
不处理node_modules目录
不处理node_modules目录
不处理node_modules目录
不处理node_modules目录
不处理node_modules目录
不处理node_modules目录
不处理node_modules目录
不处理node_modules目录
不处理node_modules目录
不处理node_modules目录
不处理node_modules目录
不处理node_modules目录
不处理node_modules目录
不处理node_modules目录
不处理node_modules目录
不处理node_modules目录
不处理node_modules目录
不处理node_modules目录
不处理node_modules目录
不处理node_modules目录
不处理node_modules目录
不处理node_modules目录
不处理node_modules目录
不处理node_modules目录
不处理node_modules目录
不处理node_modules目录
不处理node_modules目录
不处理node_modules目录
不处理node_modules目录
不处理node_modules目录
不处理node_modules目录
不处理node_modules目录
不处理node_modules目录
不处理node_modules目录
不处理node_modules目录
不处理node_modules目录
不处理node_modules目录
不处理node_modules目录
不处理node_modules目录
不处理node_modules目录
不处理node_modules目录
不处理node_modules目录
不处理node_modules目录
不处理node_modules目录
不处理node_modules目录
不处理node_modules目录
不处理node_modules目录
不处理node_modules目录
不处理node_modules目录
不处理node_modules目录
不处理node_modules目录
不处理node_modules目录
不处理node_modules目录
不处理node_modules目录
不处理node_modules目录
不处理node_modules目录
不处理node_modules目录
不处理node_modules目录
不处理node_modules目录
不处理node_modules目录
不处理node_modules目录
不处理node_modules目录
不处理node_modules目录
不处理node_modules目录
不处理node_modules目录
不处理node_modules目录
不处理node_modules目录
不处理node_modules目录
不处理node_modules目录
不处理node_modules目录
不处理node_modules目录
不处理node_modules目录
不处理node_modules目录
不处理node_modules目录
不处理node_modules目录
不处理node_modules目录
不处理node_modules目录
不处理node_modules目录
不处理node_modules目录
不处理node_modules目录
不处理node_modules目录
不处理node_modules目录
不处理node_modules目录
不处理node_modules目录
不处理node_modules目录
不处理node_modules目录
不处理node_modules目录
不处理node_modules目录
不处理node_modules目录
不处理node_modules目录
不处理node_modules目录
不处理node_modules目录
不处理node_modules目录
不处理node_modules目录
不处理node_modules目录
不处理node_modules目录
不处理node_modules目录
不处理node_modules目录
不处理node_modules目录
不处理node_modules目录
不处理node_modules目录
不处理node_modules目录
不处理node_modules目录
不处理node_modules目录
不处理node_modules目录
不处理node_modules目录
不处理node_modules目录
不处理node_modules目录
不处理node_modules目录
不处理node_modules目录
不处理node_modules目录
不处理node_modules目录
不处理node_modules目录
不处理node_modules目录
不处理node_modules目录
不处理node_modules目录
不处理node_modules目录
不处理node_modules目录
不处理node_modules目录
不处理node_modules目录
不处理node_modules目录
不处理node_modules目录
不处理node_modules目录
不处理node_modules目录
不处理node_modules目录
不处理node_modules目录
不处理node_modules目录
不处理node_modules目录
不处理node_modules目录
不处理node_modules目录
不处理node_modules目录
不处理node_modules目录
不处理node_modules目录
不处理node_modules目录
不处理node_modules目录
不处理node_modules目录
不处理node_modules目录
不处理node_modules目录
不处理node_modules目录
不处理node_modules目录
不处理node_modules目录
不处理node_modules目录
不处理node_modules目录
不处理node_modules目录
不处理node_modules目录
不处理node_modules目录
不处理node_modules目录
不处理node_modules目录
不处理node_modules目录
不处理node_modules目录
不处理node_modules目录
不处理node_modules目录
不处理node_modules目录
不处理node_modules目录
不处理node_modules目录
不处理node_modules目录
不处理node_modules目录
不处理node_modules目录
不处理node_modules目录
不处理node_modules目录
不处理node_modules目录
不处理node_modules目录
不处理node_modules目录
不处理node_modules目录
不处理node_modules目录
不处理node_modules目录
不处理node_modules目录
不处理node_modules目录
不处理node_modules目录
不处理node_modules目录
不处理node_modules目录
不处理node_modules目录
不处理node_modules目录
不处理node_modules目录
不处理node_modules目录
不处理node_modules目录
不处理node_modules目录
不处理node_modules目录
不处理node_modules目录
不处理node_modules目录
不处理node_modules目录
不处理node_modules目录
不处理node_modules目录
不处理node_modules目录
不处理node_modules目录
不处理node_modules目录
不处理node_modules目录
不处理node_modules目录
不处理node_modules目录
不处理node_modules目录
不处理node_modules目录
不处理node_modules目录
不处理node_modules目录
不处理node_modules目录
不处理node_modules目录
不处理node_modules目录
不处理node_modules目录
不处理node_modules目录
不处理node_modules目录
不处理node_modules目录
不处理node_modules目录
不处理node_modules目录
不处理node_modules目录
不处理node_modules目录
不处理node_modules目录
不处理node_modules目录
不处理node_modules目录
不处理node_modules目录
不处理node_modules目录
不处理node_modules目录
不处理node_modules目录
不处理node_modules目录
不处理node_modules目录
不处理node_modules目录
不处理node_modules目录
不处理node_modules目录
不处理node_modules目录
不处理node_modules目录
不处理node_modules目录
不处理node_modules目录
不处理node_modules目录
不处理node_modules目录
不处理node_modules目录
不处理node_modules目录
不处理node_modules目录
不处理node_modules目录
不处理node_modules目录
不处理node_modules目录
不处理node_modules目录
不处理node_modules目录
不处理node_modules目录
不处理node_modules目录
不处理node_modules目录
不处理node_modules目录
不处理node_modules目录
不处理node_modules目录
不处理node_modules目录
不处理node_modules目录
不处理node_modules目录
不处理node_modules目录
不处理node_modules目录
不处理node_modules目录
不处理node_modules目录
不处理node_modules目录
不处理node_modules目录
不处理node_modules目录
不处理node_modules目录
不处理node_modules目录
不处理node_modules目录
不处理node_modules目录
不处理node_modules目录
不处理node_modules目录
不处理node_modules目录
不处理node_modules目录
不处理node_modules目录
不处理node_modules目录
不处理node_modules目录
不处理node_modules目录
不处理node_modules目录
不处理node_modules目录
不处理node_modules目录
不处理node_modules目录
不处理node_modules目录
不处理node_modules目录
不处理node_modules目录
不处理node_modules目录
不处理node_modules目录
不处理node_modules目录
不处理node_modules目录
不处理node_modules目录
不处理node_modules目录
不处理node_modules目录
不处理node_modules目录
不处理node_modules目录
不处理node_modules目录
不处理node_modules目录
不处理node_modules目录
不处理node_modules目录
不处理node_modules目录
不处理node_modules目录
不处理node_modules目录
不处理node_modules目录
不处理node_modules目录
不处理node_modules目录
不处理node_modules目录
不处理node_modules目录
不处理node_modules目录
不处理node_modules目录
不处理node_modules目录
不处理node_modules目录
不处理node_modules目录
不处理node_modules目录
不处理node_modules目录
不处理node_modules目录
不处理node_modules目录
不处理node_modules目录
不处理node_modules目录
不处理node_modules目录
不处理node_modules目录
不处理node_modules目录
不处理node_modules目录
不处理node_modules目录
不处理node_modules目录
不处理node_modules目录
不处理node_modules目录
不处理node_modules目录
不处理node_modules目录
不处理node_modules目录
不处理node_modules目录
不处理node_modules目录
不处理node_modules目录
不处理node_modules目录
不处理node_modules目录
不处理node_modules目录
不处理node_modules目录
不处理node_modules目录
不处理node_modules目录
不处理node_modules目录
不处理node_modules目录
不处理node_modules目录
不处理node_modules目录
不处理node_modules目录
不处理node_modules目录
不处理node_modules目录
不处理node_modules目录
不处理node_modules目录
不处理node_modules目录
不处理node_modules目录
不处理node_modules目录
不处理node_modules目录
不处理node_modules目录
不处理node_modules目录
不处理node_modules目录
不处理node_modules目录
不处理node_modules目录
不处理node_modules目录
不处理node_modules目录
不处理node_modules目录
不处理node_modules目录
不处理node_modules目录
不处理node_modules目录
不处理node_modules目录
不处理node_modules目录
不处理node_modules目录
不处理node_modules目录
不处理node_modules目录
不处理node_modules目录
不处理node_modules目录
不处理node_modules目录
不处理node_modules目录
不处理node_modules目录
不处理node_modules目录
不处理node_modules目录
不处理node_modules目录
不处理node_modules目录
不处理node_modules目录
不处理node_modules目录
不处理node_modules目录
不处理node_modules目录
不处理node_modules目录
不处理node_modules目录
不处理node_modules目录
不处理node_modules目录
不处理node_modules目录
不处理node_modules目录
不处理node_modules目录
不处理node_modules目录
不处理node_modules目录
不处理node_modules目录
不处理node_modules目录
不处理node_modules目录
不处理node_modules目录
不处理node_modules目录
不处理node_modules目录
不处理node_modules目录
不处理node_modules目录
不处理node_modules目录
不处理node_modules目录
不处理node_modules目录
不处理node_modules目录
不处理node_modules目录
不处理node_modules目录
不处理node_modules目录
不处理node_modules目录
不处理node_modules目录
不处理node_modules目录
不处理node_modules目录
不处理node_modules目录
不处理node_modules目录
不处理node_modules目录
不处理node_modules目录
不处理node_modules目录
不处理node_modules目录
不处理node_modules目录
不处理node_modules目录
不处理node_modules目录
不处理node_modules目录
不处理node_modules目录
不处理node_modules目录
不处理node_modules目录
不处理node_modules目录
不处理node_modules目录
不处理node_modules目录
不处理node_modules目录
不处理node_modules目录
不处理node_modules目录
不处理node_modules目录
不处理node_modules目录
不处理node_modules目录
不处理node_modules目录
不处理node_modules目录
不处理node_modules目录
不处理node_modules目录
不处理node_modules目录
不处理node_modules目录
不处理node_modules目录
不处理node_modules目录
不处理node_modules目录
不处理node_modules目录
不处理node_modules目录
不处理node_modules目录
不处理node_modules目录
不处理node_modules目录
不处理node_modules目录
不处理node_modules目录
不处理node_modules目录
不处理node_modules目录
不处理node_modules目录
不处理node_modules目录
不处理node_modules目录
不处理node_modules目录
不处理node_modules目录
不处理node_modules目录
不处理node_modules目录
不处理node_modules目录
不处理node_modules目录
不处理node_modules目录
不处理node_modules目录
不处理node_modules目录
不处理node_modules目录
不处理node_modules目录
不处理node_modules目录
不处理node_modules目录
不处理node_modules目录
不处理node_modules目录
不处理node_modules目录
不处理node_modules目录
不处理node_modules目录
不处理node_modules目录
不处理node_modules目录
不处理node_modules目录
不处理node_modules目录
不处理node_modules目录
不处理node_modules目录
不处理node_modules目录
不处理node_modules目录
不处理node_modules目录
不处理node_modules目录
不处理node_modules目录
不处理node_modules目录
不处理node_modules目录
不处理node_modules目录
不处理node_modules目录
不处理node_modules目录
不处理node_modules目录
不处理node_modules目录
不处理node_modules目录
不处理node_modules目录
不处理node_modules目录
不处理node_modules目录
不处理node_modules目录
不处理node_modules目录
不处理node_modules目录
不处理node_modules目录
不处理node_modules目录
不处理node_modules目录
不处理node_modules目录
不处理node_modules目录
不处理node_modules目录
不处理node_modules目录
不处理node_modules目录
不处理node_modules目录
不处理node_modules目录
不处理node_modules目录
不处理node_modules目录
不处理node_modules目录
不处理node_modules目录
不处理node_modules目录
不处理node_modules目录
不处理node_modules目录
不处理node_modules目录
不处理node_modules目录
不处理node_modules目录
不处理node_modules目录
不处理node_modules目录
不处理node_modules目录
不处理node_modules目录
不处理node_modules目录
不处理node_modules目录
不处理node_modules目录
不处理node_modules目录
不处理node_modules目录
不处理node_modules目录
不处理node_modules目录
不处理node_modules目录
不处理node_modules目录
不处理node_modules目录
不处理node_modules目录
不处理node_modules目录
不处理node_modules目录
不处理node_modules目录
不处理node_modules目录
不处理node_modules目录
不处理node_modules目录
不处理node_modules目录
不处理node_modules目录
不处理node_modules目录
不处理node_modules目录
不处理node_modules目录
不处理node_modules目录
不处理node_modules目录
不处理node_modules目录
不处理node_modules目录
不处理node_modules目录
不处理node_modules目录
不处理node_modules目录
不处理node_modules目录
不处理node_modules目录
不处理node_modules目录
不处理node_modules目录
不处理node_modules目录
不处理node_modules目录
不处理node_modules目录
不处理node_modules目录
不处理node_modules目录
不处理node_modules目录
不处理node_modules目录
不处理node_modules目录
不处理node_modules目录
不处理node_modules目录
不处理node_modules目录
不处理node_modules目录
不处理node_modules目录
不处理node_modules目录
不处理node_modules目录
不处理node_modules目录
不处理node_modules目录
不处理node_modules目录
不处理node_modules目录
不处理node_modules目录
不处理node_modules目录
不处理node_modules目录
不处理node_modules目录
不处理node_modules目录
不处理node_modules目录
不处理node_modules目录
不处理node_modules目录
不处理node_modules目录
不处理node_modules目录
不处理node_modules目录
不处理node_modules目录
不处理node_modules目录
不处理node_modules目录
不处理node_modules目录
不处理node_modules目录
不处理node_modules目录
不处理node_modules目录
不处理node_modules目录
不处理node_modules目录
不处理node_modules目录
不处理node_modules目录
不处理node_modules目录
不处理node_modules目录
不处理node_modules目录
不处理node_modules目录
不处理node_modules目录
不处理node_modules目录
不处理node_modules目录
不处理node_modules目录
不处理node_modules目录
不处理node_modules目录
不处理node_modules目录
不处理node_modules目录
不处理node_modules目录
不处理node_modules目录
不处理node_modules目录
不处理node_modules目录
不处理node_modules目录
不处理node_modules目录
不处理node_modules目录
不处理node_modules目录
不处理node_modules目录
不处理node_modules目录
不处理node_modules目录
不处理node_modules目录
不处理node_modules目录
不处理node_modules目录
不处理node_modules目录
不处理node_modules目录
不处理node_modules目录
不处理node_modules目录
不处理node_modules目录
不处理node_modules目录
不处理node_modules目录
不处理node_modules目录
不处理node_modules目录
不处理node_modules目录
不处理node_modules目录
不处理node_modules目录
不处理node_modules目录
不处理node_modules目录
不处理node_modules目录
不处理node_modules目录
不处理node_modules目录
不处理node_modules目录
不处理node_modules目录
不处理node_modules目录
不处理node_modules目录
不处理node_modules目录
不处理node_modules目录
不处理node_modules目录
不处理node_modules目录
不处理node_modules目录
不处理node_modules目录
不处理node_modules目录
不处理node_modules目录
不处理node_modules目录
不处理node_modules目录
不处理node_modules目录
不处理node_modules目录
不处理node_modules目录
不处理node_modules目录
不处理node_modules目录
不处理node_modules目录
不处理node_modules目录
不处理node_modules目录
不处理node_modules目录
不处理node_modules目录
不处理node_modules目录
不处理node_modules目录
不处理node_modules目录
不处理node_modules目录
不处理node_modules目录
不处理node_modules目录
不处理node_modules目录
不处理node_modules目录
不处理node_modules目录
不处理node_modules目录
不处理node_modules目录
不处理node_modules目录
不处理node_modules目录
不处理node_modules目录
不处理node_modules目录
不处理node_modules目录
不处理node_modules目录
不处理node_modules目录
不处理node_modules目录
不处理node_modules目录
不处理node_modules目录
不处理node_modules目录
不处理node_modules目录
不处理node_modules目录
不处理node_modules目录
不处理node_modules目录
不处理node_modules目录
不处理node_modules目录
不处理node_modules目录
不处理node_modules目录
不处理node_modules目录
不处理node_modules目录
不处理node_modules目录
不处理node_modules目录
不处理node_modules目录
不处理node_modules目录
不处理node_modules目录
不处理node_modules目录
不处理node_modules目录
不处理node_modules目录
不处理node_modules目录
不处理node_modules目录
不处理node_modules目录
不处理node_modules目录
不处理node_modules目录
不处理node_modules目录
不处理node_modules目录
不处理node_modules目录
不处理node_modules目录
不处理node_modules目录
不处理node_modules目录
不处理node_modules目录
不处理node_modules目录
不处理node_modules目录
不处理node_modules目录
不处理node_modules目录
不处理node_modules目录
不处理node_modules目录
不处理node_modules目录
不处理node_modules目录
不处理node_modules目录
不处理node_modules目录
不处理node_modules目录
不处理node_modules目录
不处理node_modules目录
不处理node_modules目录
不处理node_modules目录
不处理node_modules目录
不处理node_modules目录
不处理node_modules目录
不处理node_modules目录
不处理node_modules目录
不处理node_modules目录
不处理node_modules目录
不处理node_modules目录
不处理node_modules目录
不处理node_modules目录
不处理node_modules目录
不处理node_modules目录
不处理node_modules目录
不处理node_modules目录
不处理node_modules目录
不处理node_modules目录
不处理node_modules目录
不处理node_modules目录
不处理node_modules目录
不处理node_modules目录
不处理node_modules目录
不处理node_modules目录
不处理node_modules目录
不处理node_modules目录
不处理node_modules目录
不处理node_modules目录
不处理node_modules目录
不处理node_modules目录
不处理node_modules目录
不处理node_modules目录
不处理node_modules目录
不处理node_modules目录
不处理node_modules目录
不处理node_modules目录
不处理node_modules目录
不处理node_modules目录
不处理node_modules目录
不处理node_modules目录
不处理node_modules目录
不处理node_modules目录
不处理node_modules目录
不处理node_modules目录
不处理node_modules目录
不处理node_modules目录
不处理node_modules目录
不处理node_modules目录
不处理node_modules目录
不处理node_modules目录
不处理node_modules目录
不处理node_modules目录
不处理node_modules目录
不处理node_modules目录
不处理node_modules目录
不处理node_modules目录
不处理node_modules目录
不处理node_modules目录
不处理node_modules目录
不处理node_modules目录
不处理node_modules目录
不处理node_modules目录
不处理node_modules目录
不处理node_modules目录
不处理node_modules目录
不处理node_modules目录
不处理node_modules目录
不处理node_modules目录
不处理node_modules目录
不处理node_modules目录
不处理node_modules目录
不处理node_modules目录
不处理node_modules目录
不处理node_modules目录
不处理node_modules目录
不处理node_modules目录
不处理node_modules目录
不处理node_modules目录
不处理node_modules目录
不处理node_modules目录
不处理node_modules目录
不处理node_modules目录
不处理node_modules目录
不处理node_modules目录
不处理node_modules目录
不处理node_modules目录
不处理node_modules目录
不处理node_modules目录
不处理node_modules目录
不处理node_modules目录
不处理node_modules目录
不处理node_modules目录
不处理node_modules目录
不处理node_modules目录
不处理node_modules目录
不处理node_modules目录
不处理node_modules目录
不处理node_modules目录
不处理node_modules目录
不处理node_modules目录
不处理node_modules目录
不处理node_modules目录
不处理node_modules目录
不处理node_modules目录
不处理node_modules目录
不处理node_modules目录
不处理node_modules目录
不处理node_modules目录
不处理node_modules目录
不处理node_modules目录
不处理node_modules目录
不处理node_modules目录
不处理node_modules目录
不处理node_modules目录
不处理node_modules目录
不处理node_modules目录
不处理node_modules目录
不处理node_modules目录
不处理node_modules目录
不处理node_modules目录
不处理node_modules目录
不处理node_modules目录
不处理node_modules目录
不处理node_modules目录
不处理node_modules目录
不处理node_modules目录
不处理node_modules目录
不处理node_modules目录
不处理node_modules目录
不处理node_modules目录
不处理node_modules目录
不处理node_modules目录
不处理node_modules目录
不处理node_modules目录
不处理node_modules目录
不处理node_modules目录
不处理node_modules目录
不处理node_modules目录
不处理node_modules目录
不处理node_modules目录
不处理node_modules目录
不处理node_modules目录
不处理node_modules目录
不处理node_modules目录
不处理node_modules目录
不处理node_modules目录
不处理node_modules目录
不处理node_modules目录
不处理node_modules目录
不处理node_modules目录
不处理node_modules目录
不处理node_modules目录
不处理node_modules目录
不处理node_modules目录
不处理node_modules目录
不处理node_modules目录
不处理node_modules目录
不处理node_modules目录
不处理node_modules目录
不处理node_modules目录
不处理node_modules目录
不处理node_modules目录
不处理node_modules目录
不处理node_modules目录
不处理node_modules目录
不处理node_modules目录
不处理node_modules目录
不处理node_modules目录
不处理node_modules目录
不处理node_modules目录
不处理node_modules目录
不处理node_modules目录
不处理node_modules目录
不处理node_modules目录
不处理node_modules目录
不处理node_modules目录
不处理node_modules目录
不处理node_modules目录
不处理node_modules目录
不处理node_modules目录
不处理node_modules目录
不处理node_modules目录
不处理node_modules目录
不处理node_modules目录
不处理node_modules目录
不处理node_modules目录
不处理node_modules目录
不处理node_modules目录
不处理node_modules目录
不处理node_modules目录
不处理node_modules目录
不处理node_modules目录
不处理node_modules目录
不处理node_modules目录
不处理node_modules目录
不处理node_modules目录
不处理node_modules目录
不处理node_modules目录
不处理node_modules目录
不处理node_modules目录
不处理node_modules目录
不处理node_modules目录
不处理node_modules目录
不处理node_modules目录
不处理node_modules目录
不处理node_modules目录
不处理node_modules目录
不处理node_modules目录
不处理node_modules目录
不处理node_modules目录
不处理node_modules目录
不处理node_modules目录
不处理node_modules目录
不处理node_modules目录
不处理node_modules目录
不处理node_modules目录
不处理node_modules目录
不处理node_modules目录
不处理node_modules目录
不处理node_modules目录
不处理node_modules目录
不处理node_modules目录
不处理node_modules目录
不处理node_modules目录
不处理node_modules目录
不处理node_modules目录
不处理node_modules目录
不处理node_modules目录
不处理node_modules目录
不处理node_modules目录
不处理node_modules目录
不处理node_modules目录
不处理node_modules目录
不处理node_modules目录
不处理node_modules目录
不处理node_modules目录
不处理node_modules目录
不处理node_modules目录
不处理node_modules目录
不处理node_modules目录
不处理node_modules目录
不处理node_modules目录
不处理node_modules目录
不处理node_modules目录
不处理node_modules目录
不处理node_modules目录
不处理node_modules目录
不处理node_modules目录
不处理node_modules目录
不处理node_modules目录
不处理node_modules目录
不处理node_modules目录
不处理node_modules目录
不处理node_modules目录
不处理node_modules目录
不处理node_modules目录
不处理node_modules目录
不处理node_modules目录
不处理node_modules目录
不处理node_modules目录
不处理node_modules目录
不处理node_modules目录
不处理node_modules目录
不处理node_modules目录
不处理node_modules目录
不处理node_modules目录
不处理node_modules目录
不处理node_modules目录
不处理node_modules目录
不处理node_modules目录
不处理node_modules目录
不处理node_modules目录
不处理node_modules目录
不处理node_modules目录
不处理node_modules目录
不处理node_modules目录
不处理node_modules目录
不处理node_modules目录
不处理node_modules目录
不处理node_modules目录
不处理node_modules目录
不处理node_modules目录
不处理node_modules目录
不处理node_modules目录
不处理node_modules目录
不处理node_modules目录
不处理node_modules目录
不处理node_modules目录
不处理node_modules目录
不处理node_modules目录
不处理node_modules目录
不处理node_modules目录
不处理node_modules目录
不处理node_modules目录
不处理node_modules目录
不处理node_modules目录
不处理node_modules目录
不处理node_modules目录
不处理node_modules目录
不处理node_modules目录
不处理node_modules目录
不处理node_modules目录
不处理node_modules目录
不处理node_modules目录
不处理node_modules目录
不处理node_modules目录
不处理node_modules目录
不处理node_modules目录
不处理node_modules目录
不处理node_modules目录
不处理node_modules目录
不处理node_modules目录
不处理node_modules目录
不处理node_modules目录
不处理node_modules目录
不处理node_modules目录
不处理node_modules目录
不处理node_modules目录
不处理node_modules目录
不处理node_modules目录
不处理node_modules目录
不处理node_modules目录
不处理node_modules目录
不处理node_modules目录
不处理node_modules目录
不处理node_modules目录
不处理node_modules目录
不处理node_modules目录
不处理node_modules目录
不处理node_modules目录
不处理node_modules目录
不处理node_modules目录
不处理node_modules目录
不处理node_modules目录
不处理node_modules目录
不处理node_modules目录
不处理node_modules目录
不处理node_modules目录
不处理node_modules目录
不处理node_modules目录
不处理node_modules目录
不处理node_modules目录
不处理node_modules目录
不处理node_modules目录
不处理node_modules目录
不处理node_modules目录
不处理node_modules目录
不处理node_modules目录
不处理node_modules目录
不处理node_modules目录
不处理node_modules目录
不处理node_modules目录
不处理node_modules目录
不处理node_modules目录
不处理node_modules目录
不处理node_modules目录
不处理node_modules目录
不处理node_modules目录
不处理node_modules目录
不处理node_modules目录
不处理node_modules目录
不处理node_modules目录
不处理node_modules目录
不处理node_modules目录
不处理node_modules目录
不处理node_modules目录
不处理node_modules目录
不处理node_modules目录
不处理node_modules目录
不处理node_modules目录
不处理node_modules目录

[Tip]这个页面的结构非标准结构，尝试修复一下，如有问题，请先调整后，再转换。 file:miniprogram_npm/@vant/weapp/common/component

[Tip]这里引用的全是网络字体，可能在app上面有兼容问题（如字体图标显示不出来，运行后没问题就不用管）  fileKey: miniprogram_npm/@vant/weapp/icon/index

[Tip]这个页面的结构非标准结构，无法自动修复! 请先调整后，再转换。 file:miniprogram_npm/miniprogram-computed/index
[Error]Behavior异常情况(建议把源代码修改为简单结构，如Behavior({})，再尝试转换)
file:/Users/maox/Project/Abil/mp-client/miniprogram_npm/miniprogram-computed/index.js
 module.exports =
/******/
function (modules) {
  // webpackBootstrap

  /******/
  // The module cache

  /******/
  var installedModules = {};
  /******/

  /******/
  // The require function

  /******/

  function __webpack_require__(moduleId) {
 
找不到这个组件: pages/my/@vant/weapp/icon/index
找不到这个组件: pages/my/@vant/weapp/icon/index
找不到这个组件: pages/my/invitation/@vant/weapp/tag/index
找不到这个组件: pages/my/@vant/weapp/icon/index
找不到这个组件: pages/my/@vant/weapp/icon/index
找不到这个组件: pages/my/@vant/weapp/icon/index
找不到这个组件: pages/my/invitation/@vant/weapp/cell/index
找不到这个组件: pages/my/invitation/@vant/weapp/cell/index
找不到这个组件: pages/my/@vant/weapp/icon/index
找不到这个组件: pages/my/invitation/@vant/weapp/cell/index
找不到这个组件: pages/my/@vant/weapp/icon/index
找不到这个组件: pages/my/@vant/weapp/icon/index
找不到这个组件: pages/my/@vant/weapp/icon/index
找不到这个组件: pages/my/@vant/weapp/icon/index
找不到这个组件: pages/my/@vant/weapp/icon/index
找不到这个组件: pages/my/@vant/weapp/icon/index
找不到这个组件: pages/my/@vant/weapp/icon/index
找不到这个组件: pages/my/@vant/weapp/icon/index
找不到这个组件: pages/my/@vant/weapp/icon/index
找不到这个组件: pages/my/@vant/weapp/icon/index
找不到这个组件: pages/my/invitation/@vant/weapp/cell/index
找不到这个组件: pages/my/invitation/@vant/weapp/overlay/index
找不到这个组件: pages/my/@vant/weapp/icon/index
找不到这个组件: pages/my/@vant/weapp/icon/index
找不到这个组件: pages/my/@vant/weapp/icon/index
找不到这个组件: pages/my/@vant/weapp/icon/index
找不到这个组件: pages/my/invitation/@vant/weapp/field/index
找不到这个组件: pages/my/@vant/weapp/icon/index
找不到这个组件: pages/my/@vant/weapp/icon/index
找不到这个组件: pages/my/@vant/weapp/icon/index
找不到这个组件: pages/my/@vant/weapp/icon/index
找不到这个组件: pages/my/@vant/weapp/icon/index
找不到这个组件: pages/my/invitation/@vant/weapp/overlay/index
找不到这个组件: pages/my/@vant/weapp/icon/index
找不到这个组件: pages/my/@vant/weapp/icon/index
找不到这个组件: pages/my/@vant/weapp/icon/index
找不到这个组件: pages/my/@vant/weapp/icon/index
找不到这个组件: pages/my/@vant/weapp/icon/index
找不到这个组件: pages/my/@vant/weapp/icon/index
找不到这个组件: pages/my/invitation/@vant/weapp/tag/index
找不到这个组件: pages/my/invitation/@vant/weapp/cell-group/index
找不到这个组件: pages/my/invitation/@vant/weapp/cell/index
找不到这个组件: pages/my/invitation/weui-miniprogram/form/form
找不到这个组件: pages/my/invitation/@vant/weapp/cell-group/index
找不到这个组件: pages/my/invitation/@vant/weapp/field/index
找不到这个组件: pages/my/invitation/@vant/weapp/field/index
找不到这个组件: pages/my/invitation/@vant/weapp/field/index
找不到这个组件: pages/my/invitation/@vant/weapp/cell/index
找不到这个组件: pages/my/invitation/@vant/weapp/cell/index
找不到这个组件: pages/my/invitation/@vant/weapp/field/index
找不到这个组件: pages/my/invitation/@vant/weapp/field/index
找不到这个组件: pages/my/invitation/@vant/weapp/field/index
找不到这个组件: pages/my/invitation/@vant/weapp/field/index
找不到这个组件: pages/my/invitation/@vant/weapp/field/index
找不到这个组件: pages/my/invitation/@vant/weapp/cell/index
找不到这个组件: pages/my/invitation/@vant/weapp/calendar/index
找不到这个组件: pages/my/invitation/@vant/weapp/overlay/index
找不到这个组件: pages/my/invitation/@vant/weapp/datetime-picker/index
找不到这个组件: pages/my/invitation/@vant/weapp/overlay/index
找不到这个组件: pages/my/invitation/@vant/weapp/datetime-picker/index
找不到这个组件: pages/my/invitation/weui-miniprogram/form/form
找不到这个组件: pages/my/invitation/@vant/weapp/cell-group/index
找不到这个组件: pages/my/invitation/@vant/weapp/field/index
找不到这个组件: pages/my/invitation/@vant/weapp/cell/index
找不到这个组件: pages/my/invitation/@vant/weapp/overlay/index
找不到这个组件: pages/my/invitation/@vant/weapp/datetime-picker/index
找不到这个组件: pages/my/invitation/@vant/weapp/overlay/index
找不到这个组件: pages/my/invitation/weui-miniprogram/form/form
找不到这个组件: pages/my/invitation/@vant/weapp/cell-group/index
找不到这个组件: pages/my/invitation/@vant/weapp/field/index
找不到这个组件: pages/my/invitation/@vant/weapp/field/index
找不到这个组件: pages/my/invitation/@vant/weapp/cell/index
找不到这个组件: pages/my/invitation/@vant/weapp/field/index
找不到这个组件: pages/my/invitation/@vant/weapp/calendar/index
找不到这个组件: pages/my/invitation/@vant/weapp/overlay/index
找不到这个组件: pages/my/invitation/@vant/weapp/datetime-picker/index
找不到这个组件: plugins/wxml-to-canvas
找不到这个组件: pages/my/invitation/@vant/weapp/overlay/index
找不到这个组件: pages/my/invitation/@vant/weapp/cell-group/index
找不到这个组件: pages/my/invitation/@vant/weapp/field/index
找不到这个组件: pages/my/invitation/@vant/weapp/field/index
找不到这个组件: pages/my/invitation/@vant/weapp/cell/index
找不到这个组件: pages/my/invitation/@vant/weapp/cell/index
找不到这个组件: pages/my/invitation/@vant/weapp/field/index
找不到这个组件: pages/my/invitation/@vant/weapp/overlay/index
找不到这个组件: pages/my/invitation/@vant/weapp/datetime-picker/index
找不到这个组件: pages/my/invitation/@vant/weapp/card/index
找不到这个组件: pages/template/weui-miniprogram/icon/icon
找不到这个组件: pages/template/weui-miniprogram/icon/icon
找不到这个组件: pages/template/weui-miniprogram/icon/icon
找不到这个组件: pages/template/weui-miniprogram/icon/icon
找不到这个组件: pages/my/invitation/@vant/weapp/cell-group/index
找不到这个组件: pages/my/invitation/@vant/weapp/cell/index
找不到这个组件: plugins/wxml-to-canvas
找不到这个组件: pages/my/invitation/@vant/weapp/card/index
找不到这个组件: pages/template/weui-miniprogram/icon/icon
找不到这个组件: pages/template/weui-miniprogram/icon/icon
找不到这个组件: pages/template/weui-miniprogram/icon/icon
找不到这个组件: pages/template/weui-miniprogram/icon/icon
找不到这个组件: pages/my/invitation/@vant/weapp/tag/index
找不到这个组件: pages/my/invitation/@vant/weapp/tag/index
找不到这个组件: pages/my/invitation/@vant/weapp/card/index
找不到这个组件: pages/my/invitation/@vant/weapp/tag/index
找不到这个组件: pages/my/invitation/@vant/weapp/stepper/index
找不到这个组件: pages/my/invitation/@vant/weapp/cell-group/index
找不到这个组件: pages/my/invitation/@vant/weapp/field/index
找不到这个组件: pages/my/invitation/@vant/weapp/field/index
找不到这个组件: pages/my/invitation/@vant/weapp/field/index
找不到这个组件: plugins/wxml-to-canvas
找不到这个组件: pages/my/weui-miniprogram/cells/cells
找不到这个组件: pages/my/weui-miniprogram/cell/cell
找不到这个组件: pages/my/weui-miniprogram/cell/cell
找不到这个组件: pages/my/weui-miniprogram/cell/cell
找不到这个组件: pages/my/weui-miniprogram/cell/cell
找不到这个组件: pages/my/@vant/weapp/icon/index
找不到这个组件: pages/my/weui-miniprogram/cell/cell
找不到这个组件: pages/template/@vant/weapp/tabs/index
找不到这个组件: pages/template/@vant/weapp/tab/index
找不到这个组件: pages/my/invitation/@vant/weapp/tag/index
write pages.json success!
write manifest.json success!
write main.js success!


统计信息：

vue文件数量: 97
支付api数量: 4
登录api数量: 6

恭喜你，转换完成！
用时: 47.143s
工具版本：v2.0.24
在该小程序项目的同级目录可以看到_uni结尾的项目，即是转换好的uniapp项目，相关日志在该目录里。

！！！ 当前项目引用了npm模块，请转换完后，在命令行里运行“npm install”命令安装npm模块 ！！！

使用说明：
    1.因各种原因，本工具并非100%完美转换！有问题实属正常！
    2.如遇运行报错，请添加QQ群(780359397、361784059、603659851)带图反馈或https://github.com/zhangdaren/miniprogram-to-uniapp提交Issue！
    3.更多信息请查阅转换后目录里的 README.md 和 transform.log



